[2026-07-01 10:26:59,525] INFO - ml-project - Starting training pipeline...
[2026-07-01 10:26:59,525] INFO - ml-project - Ingesting data from data/processed/train/Training.csv
[2026-07-01 10:26:59,557] INFO - ml-project - Loaded 4920 rows x 133 cols
[2026-07-01 10:26:59,566] INFO - ml-project - Saving Label-Encoder...
[2026-07-01 10:26:59,567] INFO - ml-project - Training model...
[2026-07-01 10:27:02,216] INFO - ml-project - Best model: RandomForest with accuracy 1.0000
[2026-07-01 10:27:02,274] INFO - ml-project - Report:
              precision    recall  f1-score   support

           0       1.00      1.00      1.00        18
           1       1.00      1.00      1.00        30
           2       1.00      1.00      1.00        24
           3       1.00      1.00      1.00        25
           4       1.00      1.00      1.00        24
           5       1.00      1.00      1.00        23
           6       1.00      1.00      1.00        33
           7       1.00      1.00      1.00        23
           8       1.00      1.00      1.00        21
           9       1.00      1.00      1.00        15
          10       1.00      1.00      1.00        23
          11       1.00      1.00      1.00        26
          12       1.00      1.00      1.00        21
          13       1.00      1.00      1.00        29
          14       1.00      1.00      1.00        24
          15       1.00      1.00      1.00        19
          16       1.00      1.00      1.00        28
          17       1.00      1.00      1.00        25
          18       1.00      1.00      1.00        23
          19       1.00      1.00      1.00        27
          20       1.00      1.00      1.00        26
          21       1.00      1.00      1.00        23
          22       1.00      1.00      1.00        29
          23       1.00      1.00      1.00        25
          24       1.00      1.00      1.00        24
          25       1.00      1.00      1.00        26
          26       1.00      1.00      1.00        21
          27       1.00      1.00      1.00        24
          28       1.00      1.00      1.00        19
          29       1.00      1.00      1.00        22
          30       1.00      1.00      1.00        25
          31       1.00      1.00      1.00        22
          32       1.00      1.00      1.00        24
          33       1.00      1.00      1.00        17
          34       1.00      1.00      1.00        28
          35       1.00      1.00      1.00        22
          36       1.00      1.00      1.00        25
          37       1.00      1.00      1.00        19
          38       1.00      1.00      1.00        26
          39       1.00      1.00      1.00        22
          40       1.00      1.00      1.00        34

    accuracy                           1.00       984
   macro avg       1.00      1.00      1.00       984
weighted avg       1.00      1.00      1.00       984

[2026-07-01 10:27:02,274] INFO - ml-project - Pipeline complete. Scores: {'RandomForest': 1.0, 'KNB': 1.0, 'LinearRegression': 1.0, 'XGB': 1.0}
